<?xml version="1.0" encoding="UTF-8"?>
<testng-results ignored="0" total="1" passed="1" failed="0" skipped="0">
  <reporter-output>
  </reporter-output>
  <suite started-at="2020-03-01T23:16:15 PST" name="inetBankingV1" finished-at="2020-03-01T23:17:11 PST" duration-ms="55624">
    <groups>
    </groups>
    <test started-at="2020-03-01T23:16:15 PST" name="InetBanking Test" finished-at="2020-03-01T23:17:11 PST" duration-ms="55624">
      <class name="com.inetBanking.testCases.TC_AddNewCutomer_001">
        <test-method is-config="true" signature="setup(java.lang.String)[pri:0, instance:com.inetBanking.testCases.TC_AddNewCutomer_001@589b3632]" started-at="2020-03-01T23:16:16 PST" name="setup" finished-at="2020-03-01T23:16:55 PST" duration-ms="38948" status="PASS">
          <params>
            <param index="0">
              <value>
                <![CDATA[ChromeDriver]]>
              </value>
            </param>
          </params>
          <reporter-output>
          </reporter-output>
        </test-method> <!-- setup -->
        <test-method signature="AddNewCustomer()[pri:0, instance:com.inetBanking.testCases.TC_AddNewCutomer_001@589b3632]" started-at="2020-03-01T23:16:55 PST" name="AddNewCustomer" finished-at="2020-03-01T23:17:07 PST" duration-ms="12414" status="PASS">
          <reporter-output>
          </reporter-output>
        </test-method> <!-- AddNewCustomer -->
        <test-method is-config="true" signature="EndTest()[pri:0, instance:com.inetBanking.testCases.TC_AddNewCutomer_001@589b3632]" started-at="2020-03-01T23:17:07 PST" name="EndTest" finished-at="2020-03-01T23:17:11 PST" duration-ms="3784" status="PASS">
          <reporter-output>
          </reporter-output>
        </test-method> <!-- EndTest -->
      </class> <!-- com.inetBanking.testCases.TC_AddNewCutomer_001 -->
    </test> <!-- InetBanking Test -->
  </suite> <!-- inetBankingV1 -->
</testng-results>
